<?xml version="1.0" encoding="UTF-8"?>
<!-- Generated by org.testng.reporters.JUnitXMLReporter -->
<testsuite ignored="28" hostname="DESKTOP-OM7JNCE" failures="1" tests="1" name="Test(failed)" time="9.194" errors="0" timestamp="27 Oct 2022 15:06:34 GMT">
  <testcase classname="TestCases1.CompletePage1_1Test" name="finalLogoTest" time="2.3">
    <failure type="java.lang.AssertionError" message="expected [true] but found [false]">
      <![CDATA[java.lang.AssertionError: expected [true] but found [false]
	at TestCases1.CompletePage1_1Test.finalLogoTest(CompletePage1_1Test.java:85)
... Removed 31 stack frames]]>
    </failure>
  </testcase> <!-- finalLogoTest -->
  <testcase classname="TestCases1.OverviewPage1_1Test" name="product6Test" time="0.0">
    <ignored/>
  </testcase> <!-- product6Test -->
  <testcase classname="TestCases1.OverviewPage1_1Test" name="currentUrlTest" time="0.0">
    <ignored/>
  </testcase> <!-- currentUrlTest -->
  <testcase classname="TestCases1.CompletePage1_1Test" name="thankYouMsgTest" time="0.0">
    <ignored/>
  </testcase> <!-- thankYouMsgTest -->
  <testcase classname="TestCases1.OverviewPage1_1Test" name="product1Test" time="0.0">
    <ignored/>
  </testcase> <!-- product1Test -->
  <testcase classname="TestCases1.LoginPage1_1Test" name="verifyTitle1Test" time="0.0">
    <ignored/>
  </testcase> <!-- verifyTitle1Test -->
  <testcase classname="TestCases1.CompletePage1_1Test" name="currnturlTest" time="0.0">
    <ignored/>
  </testcase> <!-- currnturlTest -->
  <testcase classname="TestCases1.CartPage1_1Test" name="checkOutPage4Test" time="0.0">
    <ignored/>
  </testcase> <!-- checkOutPage4Test -->
  <testcase classname="TestCases1.OverviewPage1_1Test" name="taxLabelTest" time="0.0">
    <ignored/>
  </testcase> <!-- taxLabelTest -->
  <testcase classname="TestCases1.InventoryPage1_1Test" name="add6Product" time="0.0">
    <ignored/>
  </testcase> <!-- add6Product -->
  <testcase classname="TestCases1.LoginPage1_1Test" name="verifyTitleTest" time="0.0">
    <ignored/>
  </testcase> <!-- verifyTitleTest -->
  <testcase classname="TestCases1.OverviewPage1_1Test" name="product2Test" time="0.0">
    <ignored/>
  </testcase> <!-- product2Test -->
  <testcase classname="TestCases1.InventoryPage1_1Test" name="add6ProduntTest" time="0.0">
    <ignored/>
  </testcase> <!-- add6ProduntTest -->
  <testcase classname="TestCases1.OverviewPage1_1Test" name="totallLabelTest" time="0.0">
    <ignored/>
  </testcase> <!-- totallLabelTest -->
  <testcase classname="TestCases1.OverviewPage1_1Test" name="totalAmountLabelTest" time="0.0">
    <ignored/>
  </testcase> <!-- totalAmountLabelTest -->
  <testcase classname="TestCases1.OverviewPage1_1Test" name="product3Test" time="0.0">
    <ignored/>
  </testcase> <!-- product3Test -->
  <testcase classname="TestCases1.CheckOutPage1_1Test" name="checkOutPage5Test" time="0.0">
    <ignored/>
  </testcase> <!-- checkOutPage5Test -->
  <testcase classname="TestCases1.CompletePage1_1Test" name="backHomeButtonTest" time="0.0">
    <ignored/>
  </testcase> <!-- backHomeButtonTest -->
  <testcase classname="TestCases1.OverviewPage1_1Test" name="finishButtonTest" time="0.0">
    <ignored/>
  </testcase> <!-- finishButtonTest -->
  <testcase classname="TestCases1.LoginPage1_1Test" name="verifyCurrentUrlTest" time="0.0">
    <ignored/>
  </testcase> <!-- verifyCurrentUrlTest -->
  <testcase classname="TestCases1.OverviewPage1_1Test" name="shioppingInfoTest" time="0.0">
    <ignored/>
  </testcase> <!-- shioppingInfoTest -->
  <testcase classname="TestCases1.OverviewPage1_1Test" name="product4Test" time="0.0">
    <ignored/>
  </testcase> <!-- product4Test -->
  <testcase classname="TestCases1.InventoryPage1_1Test" name="remove2ProductTest" time="0.0">
    <ignored/>
  </testcase> <!-- remove2ProductTest -->
  <testcase classname="TestCases1.LoginPage1_1Test" name="verifyCurrentUrl1Test" time="0.0">
    <ignored/>
  </testcase> <!-- verifyCurrentUrl1Test -->
  <testcase classname="TestCases1.OverviewPage1_1Test" name="paymentInfoTest" time="0.0">
    <ignored/>
  </testcase> <!-- paymentInfoTest -->
  <testcase classname="TestCases1.InventoryPage1_1Test" name="add2ProductTest" time="0.0">
    <ignored/>
  </testcase> <!-- add2ProductTest -->
  <testcase classname="TestCases1.LoginPage1_1Test" name="loginSucessfullyTest" time="0.0">
    <ignored/>
  </testcase> <!-- loginSucessfullyTest -->
  <testcase classname="TestCases1.OverviewPage1_1Test" name="product5Test" time="0.0">
    <ignored/>
  </testcase> <!-- product5Test -->
  <testcase classname="TestCases1.CompletePage1_1Test" name="notificationMsgTest" time="0.0">
    <ignored/>
  </testcase> <!-- notificationMsgTest -->
</testsuite> <!-- Test(failed) -->
