<?xml version="1.0" encoding="UTF-8"?>
<!-- Generated by org.testng.reporters.JUnitReportReporter -->
<testsuite ignored="4" hostname="DESKTOP-OM7JNCE" failures="0" tests="1" name="TestCases.HardAssertionTest" time="13.842" errors="1" timestamp="22 Oct 2022 11:06:04 GMT" skipped="0">
  <testcase classname="TestCases.HardAssertionTest" name="verifyCurrentUrlTest" time="13.842">
    <error message="Method TestCases.HardAssertionTest.verifyCurrentUrlTest() didn&#039;t finish within the time-out 1000" type="org.testng.internal.thread.ThreadTimeoutException">
      <![CDATA[org.testng.internal.thread.ThreadTimeoutException: Method TestCases.HardAssertionTest.verifyCurrentUrlTest() didn't finish within the time-out 1000
	at java.base@11.0.15.1/java.util.zip.InflaterInputStream.read(InflaterInputStream.java:123)
	at java.base@11.0.15.1/java.io.FilterInputStream.read(FilterInputStream.java:83)
	at java.base@11.0.15.1/java.io.DataInputStream.readUnsignedShort(DataInputStream.java:342)
	at app//org.apache.xmlbeans.impl.util.LongUTFDataInputStream.readUnsignedShortOrInt(LongUTFDataInputStream.java:43)
	at app//org.apache.xmlbeans.impl.util.LongUTFDataInputStream.readUnsignedShortOrInt(LongUTFDataInputStream.java:39)
	at app//org.apache.xmlbeans.impl.schema.XsbReader.readUnsignedShortOrInt(XsbReader.java:262)
	at app//org.apache.xmlbeans.impl.schema.XsbReader.readString(XsbReader.java:297)
	at app//org.apache.xmlbeans.impl.schema.XsbReader.readQName(XsbReader.java:308)
	at app//org.apache.xmlbeans.impl.schema.XsbReader.readQNameRefMap(XsbReader.java:559)
	at app//org.apache.xmlbeans.impl.schema.SchemaTypeSystemImpl.initFromHeader(SchemaTypeSystemImpl.java:256)
	at app//org.apache.xmlbeans.impl.schema.SchemaTypeSystemImpl.<init>(SchemaTypeSystemImpl.java:201)
	at app//org.apache.poi.schemas.ooxml.system.ooxml.TypeSystemHolder.<init>(TypeSystemHolder.java:9)
	at app//org.apache.poi.schemas.ooxml.system.ooxml.TypeSystemHolder.<clinit>(TypeSystemHolder.java:6)
	at app//org.openxmlformats.schemas.drawingml.x2006.main.ThemeDocument.<clinit>(ThemeDocument.java:23)
	at app//org.apache.poi.xssf.model.ThemesTable.readFrom(ThemesTable.java:119)
	at app//org.apache.poi.xssf.model.ThemesTable.<init>(ThemesTable.java:87)
	at app//org.apache.poi.xssf.usermodel.XSSFRelation$$Lambda$500/0x00000001004ad840.init(Unknown Source)
	at app//org.apache.poi.ooxml.POIXMLFactory.createDocumentPart(POIXMLFactory.java:61)
	at app//org.apache.poi.ooxml.POIXMLDocumentPart.read(POIXMLDocumentPart.java:661)
	at app//org.apache.poi.ooxml.POIXMLDocument.load(POIXMLDocument.java:165)
	at app//org.apache.poi.xssf.usermodel.XSSFWorkbook.<init>(XSSFWorkbook.java:260)
	at app//org.apache.poi.xssf.usermodel.XSSFWorkbookFactory.createWorkbook(XSSFWorkbookFactory.java:118)
	at app//org.apache.poi.xssf.usermodel.XSSFWorkbookFactory.create(XSSFWorkbookFactory.java:98)
	at app//org.apache.poi.xssf.usermodel.XSSFWorkbookFactory.create(XSSFWorkbookFactory.java:36)
	at app//org.apache.poi.ss.usermodel.WorkbookFactory.lambda$create$2(WorkbookFactory.java:224)
	at app//org.apache.poi.ss.usermodel.WorkbookFactory$$Lambda$419/0x000000010042ac40.create(Unknown Source)
	at app//org.apache.poi.ss.usermodel.WorkbookFactory.wp(WorkbookFactory.java:329)
	at app//org.apache.poi.ss.usermodel.WorkbookFactory.create(WorkbookFactory.java:224)
	at app//org.apache.poi.ss.usermodel.WorkbookFactory.create(WorkbookFactory.java:185)
	at app//utility.ReadData1_1.readExcelFile(ReadData1_1.java:25)
	at app//TestCases.HardAssertionTest.verifyCurrentUrlTest(HardAssertionTest.java:46)
	at java.base@11.0.15.1/jdk.internal.reflect.NativeMethodAccessorImpl.invoke0(Native Method)
	at java.base@11.0.15.1/jdk.internal.reflect.NativeMethodAccessorImpl.invoke(NativeMethodAccessorImpl.java:62)
	at java.base@11.0.15.1/jdk.internal.reflect.DelegatingMethodAccessorImpl.invoke(DelegatingMethodAccessorImpl.java:43)
	at java.base@11.0.15.1/java.lang.reflect.Method.invoke(Method.java:566)
	at app//org.testng.internal.MethodInvocationHelper.invokeMethod(MethodInvocationHelper.java:104)
	at app//org.testng.internal.InvokeMethodRunnable.runOne(InvokeMethodRunnable.java:54)
	at app//org.testng.internal.InvokeMethodRunnable.run(InvokeMethodRunnable.java:44)
	at java.base@11.0.15.1/java.util.concurrent.Executors$RunnableAdapter.call(Executors.java:515)
	at java.base@11.0.15.1/java.util.concurrent.FutureTask.run(FutureTask.java:264)
	at java.base@11.0.15.1/java.util.concurrent.ThreadPoolExecutor.runWorker(ThreadPoolExecutor.java:1128)
	at java.base@11.0.15.1/java.util.concurrent.ThreadPoolExecutor$Worker.run(ThreadPoolExecutor.java:628)
	at java.base@11.0.15.1/java.lang.Thread.run(Thread.java:834)
]]>
    </error>
  </testcase> <!-- verifyCurrentUrlTest -->
  <testcase classname="TestCases.HardAssertionTest" name="verifyCurrentUrl1Test">
    <skipped/>
  </testcase> <!-- verifyCurrentUrl1Test -->
  <testcase classname="TestCases.HardAssertionTest" name="verifyTitleTest">
    <skipped/>
  </testcase> <!-- verifyTitleTest -->
  <testcase classname="TestCases.HardAssertionTest" name="loginSucessfullyTest">
    <skipped/>
  </testcase> <!-- loginSucessfullyTest -->
  <testcase classname="TestCases.HardAssertionTest" name="verifyTitle1Test">
    <skipped/>
  </testcase> <!-- verifyTitle1Test -->
</testsuite> <!-- TestCases.HardAssertionTest -->
